
8월 08, 2024 17:33:19.81 NEW SESSION
8월 08, 2024 17:33:19.82 Created TensorFlow Lite XNNPACK delegate for CPU.
8월 08, 2024 17:34:16.61 [21356:10148:0808/173416.611:ERROR:cert_verify_proc_builtin.cc(1063)] CertVerifyProcBuiltin for kor.pe.kr failed:
8월 08, 2024 17:34:16.61 ----- Certificate i=0 (O=My Company Ltd,L=Newbury,ST=Berkshire,C=GB) -----
8월 08, 2024 17:34:16.61 ERROR: No matching issuer found
8월 08, 2024 17:34:16.61 
8월 08, 2024 17:34:16.61 
8월 08, 2024 17:35:42.81 [21356:20680:0808/173542.815:ERROR:cert_verify_proc_builtin.cc(1063)] CertVerifyProcBuiltin for kor.pe.kr failed:
8월 08, 2024 17:35:42.81 ----- Certificate i=0 (O=My Company Ltd,L=Newbury,ST=Berkshire,C=GB) -----
8월 08, 2024 17:35:42.81 ERROR: No matching issuer found
8월 08, 2024 17:35:42.81 
8월 08, 2024 17:35:42.81 

8월 12, 2024 18:04:31.26 NEW SESSION
8월 12, 2024 18:04:31.26 Created TensorFlow Lite XNNPACK delegate for CPU.

8월 23, 2024 17:58:17.78 NEW SESSION
8월 23, 2024 17:58:17.79 Created TensorFlow Lite XNNPACK delegate for CPU.

9월 12, 2024 09:35:24.53 NEW SESSION
9월 12, 2024 09:35:24.53 Created TensorFlow Lite XNNPACK delegate for CPU.

9월 29, 2024 15:44:40.48 NEW SESSION
9월 29, 2024 15:44:40.49 [16032:14216:0929/154440.486:ERROR:content_settings_pref.cc(381)] Invalid pattern strings: https://[*.]stripe.com:443,
9월 29, 2024 15:44:40.49 [16032:14216:0929/154440.486:ERROR:content_settings_pref.cc(381)] Invalid pattern strings: https://pay.google.com:443,
9월 29, 2024 15:44:44.33 [16032:3116:0929/154444.336:ERROR:registration_request.cc(291)] Registration response error message: DEPRECATED_ENDPOINT
9월 29, 2024 15:44:44.66 Created TensorFlow Lite XNNPACK delegate for CPU.
9월 29, 2024 15:45:10.69 [16032:3116:0929/154510.694:ERROR:registration_request.cc(291)] Registration response error message: DEPRECATED_ENDPOINT
9월 29, 2024 15:45:52.80 [16032:3116:0929/154552.804:ERROR:registration_request.cc(291)] Registration response error message: DEPRECATED_ENDPOINT
9월 29, 2024 15:47:52.93 [16032:3116:0929/154752.934:ERROR:registration_request.cc(291)] Registration response error message: DEPRECATED_ENDPOINT
